Detecting C compiler ABI info failed to compile with the following output:
Change Dir: /home/leisterfrancisco/Github/eoscostarica/eosio-dashboard/contracts/faucet/build/CMakeFiles/CMakeTmp

Run Build Command(s):/usr/bin/make -f Makefile cmTC_e0950/fast && make[1]: Entering directory '/home/leisterfrancisco/Github/eoscostarica/eosio-dashboard/contracts/faucet/build/CMakeFiles/CMakeTmp'
/usr/bin/make  -f CMakeFiles/cmTC_e0950.dir/build.make CMakeFiles/cmTC_e0950.dir/build
make[2]: Entering directory '/home/leisterfrancisco/Github/eoscostarica/eosio-dashboard/contracts/faucet/build/CMakeFiles/CMakeTmp'
Building C object CMakeFiles/cmTC_e0950.dir/CMakeCCompilerABI.c.obj
/home/leisterfrancisco/work/wasi-sdk-12.0/bin/clang --target=wasm32-wasi --sysroot=/home/leisterfrancisco/work/wasi-sdk-12.0/share/wasi-sysroot   -v -MD -MT CMakeFiles/cmTC_e0950.dir/CMakeCCompilerABI.c.obj -MF CMakeFiles/cmTC_e0950.dir/CMakeCCompilerABI.c.obj.d -o CMakeFiles/cmTC_e0950.dir/CMakeCCompilerABI.c.obj -c /usr/local/share/cmake-3.20/Modules/CMakeCCompilerABI.c
clang version 11.0.0 (https://github.com/llvm/llvm-project 176249bd6732a8044d457092ed932768724a6f06)
Target: wasm32-unknown-wasi
Thread model: posix
InstalledDir: /home/leisterfrancisco/work/wasi-sdk-12.0/bin
 (in-process)
 "/home/leisterfrancisco/work/wasi-sdk-12.0/bin/clang-11" -cc1 -triple wasm32-unknown-wasi -emit-obj -mrelax-all -disable-free -disable-llvm-verifier -discard-value-names -main-file-name CMakeCCompilerABI.c -mrelocation-model static -mframe-pointer=none -fno-rounding-math -mconstructor-aliases -target-cpu generic -fvisibility hidden -debugger-tuning=gdb -v -resource-dir /home/leisterfrancisco/work/wasi-sdk-12.0/lib/clang/11.0.0 -dependency-file CMakeFiles/cmTC_e0950.dir/CMakeCCompilerABI.c.obj.d -MT CMakeFiles/cmTC_e0950.dir/CMakeCCompilerABI.c.obj -sys-header-deps -isysroot /home/leisterfrancisco/work/wasi-sdk-12.0/share/wasi-sysroot -internal-isystem /home/leisterfrancisco/work/wasi-sdk-12.0/lib/clang/11.0.0/include -internal-isystem /home/leisterfrancisco/work/wasi-sdk-12.0/share/wasi-sysroot/include/wasm32-wasi -internal-isystem /home/leisterfrancisco/work/wasi-sdk-12.0/share/wasi-sysroot/include -fdebug-compilation-dir /home/leisterfrancisco/Github/eoscostarica/eosio-dashboard/contracts/faucet/build/CMakeFiles/CMakeTmp -ferror-limit 19 -fgnuc-version=4.2.1 -o CMakeFiles/cmTC_e0950.dir/CMakeCCompilerABI.c.obj -x c /usr/local/share/cmake-3.20/Modules/CMakeCCompilerABI.c
clang -cc1 version 11.0.0 based upon LLVM 11.0.0 default target wasm32-wasi
ignoring nonexistent directory "/home/leisterfrancisco/work/wasi-sdk-12.0/share/wasi-sysroot/include/wasm32-wasi"
#include "..." search starts here:
#include <...> search starts here:
 /home/leisterfrancisco/work/wasi-sdk-12.0/lib/clang/11.0.0/include
 /home/leisterfrancisco/work/wasi-sdk-12.0/share/wasi-sysroot/include
End of search list.
Linking C executable cmTC_e0950.wasm
/usr/local/bin/cmake -E cmake_link_script CMakeFiles/cmTC_e0950.dir/link.txt --verbose=1
/home/leisterfrancisco/work/wasi-sdk-12.0/bin/clang --target=wasm32-wasi --sysroot=/home/leisterfrancisco/work/wasi-sdk-12.0/share/wasi-sysroot  -v CMakeFiles/cmTC_e0950.dir/CMakeCCompilerABI.c.obj -o cmTC_e0950.wasm 
clang version 11.0.0 (https://github.com/llvm/llvm-project 176249bd6732a8044d457092ed932768724a6f06)
Target: wasm32-unknown-wasi
Thread model: posix
InstalledDir: /home/leisterfrancisco/work/wasi-sdk-12.0/bin
 "/home/leisterfrancisco/work/wasi-sdk-12.0/bin/wasm-ld" -m wasm32 -L/home/leisterfrancisco/work/wasi-sdk-12.0/share/wasi-sysroot/lib/wasm32-wasi /home/leisterfrancisco/work/wasi-sdk-12.0/share/wasi-sysroot/lib/wasm32-wasi/crt1.o CMakeFiles/cmTC_e0950.dir/CMakeCCompilerABI.c.obj -lc /home/leisterfrancisco/work/wasi-sdk-12.0/lib/clang/11.0.0/lib/wasi/libclang_rt.builtins-wasm32.a -o cmTC_e0950.wasm
make[2]: Leaving directory '/home/leisterfrancisco/Github/eoscostarica/eosio-dashboard/contracts/faucet/build/CMakeFiles/CMakeTmp'
make[1]: Leaving directory '/home/leisterfrancisco/Github/eoscostarica/eosio-dashboard/contracts/faucet/build/CMakeFiles/CMakeTmp'


Cannot copy output executable
  ''
to destination specified by COPY_FILE:
  '/home/leisterfrancisco/Github/eoscostarica/eosio-dashboard/contracts/faucet/build/CMakeFiles/3.20.0/CMakeDetermineCompilerABI_C.bin'
Unable to find the executable at any of:
  /home/leisterfrancisco/Github/eoscostarica/eosio-dashboard/contracts/faucet/build/CMakeFiles/CMakeTmp/cmTC_e0950
  /home/leisterfrancisco/Github/eoscostarica/eosio-dashboard/contracts/faucet/build/CMakeFiles/CMakeTmp/Debug/cmTC_e0950
  /home/leisterfrancisco/Github/eoscostarica/eosio-dashboard/contracts/faucet/build/CMakeFiles/CMakeTmp/Development/cmTC_e0950


Detecting CXX compiler ABI info failed to compile with the following output:
Change Dir: /home/leisterfrancisco/Github/eoscostarica/eosio-dashboard/contracts/faucet/build/CMakeFiles/CMakeTmp

Run Build Command(s):/usr/bin/make -f Makefile cmTC_93cc5/fast && make[1]: Entering directory '/home/leisterfrancisco/Github/eoscostarica/eosio-dashboard/contracts/faucet/build/CMakeFiles/CMakeTmp'
/usr/bin/make  -f CMakeFiles/cmTC_93cc5.dir/build.make CMakeFiles/cmTC_93cc5.dir/build
make[2]: Entering directory '/home/leisterfrancisco/Github/eoscostarica/eosio-dashboard/contracts/faucet/build/CMakeFiles/CMakeTmp'
Building CXX object CMakeFiles/cmTC_93cc5.dir/CMakeCXXCompilerABI.cpp.obj
/home/leisterfrancisco/work/wasi-sdk-12.0/bin/clang++ --target=wasm32-wasi --sysroot=/home/leisterfrancisco/work/wasi-sdk-12.0/share/wasi-sysroot   -v -MD -MT CMakeFiles/cmTC_93cc5.dir/CMakeCXXCompilerABI.cpp.obj -MF CMakeFiles/cmTC_93cc5.dir/CMakeCXXCompilerABI.cpp.obj.d -o CMakeFiles/cmTC_93cc5.dir/CMakeCXXCompilerABI.cpp.obj -c /usr/local/share/cmake-3.20/Modules/CMakeCXXCompilerABI.cpp
clang version 11.0.0 (https://github.com/llvm/llvm-project 176249bd6732a8044d457092ed932768724a6f06)
Target: wasm32-unknown-wasi
Thread model: posix
InstalledDir: /home/leisterfrancisco/work/wasi-sdk-12.0/bin
 (in-process)
 "/home/leisterfrancisco/work/wasi-sdk-12.0/bin/clang-11" -cc1 -triple wasm32-unknown-wasi -emit-obj -mrelax-all -disable-free -disable-llvm-verifier -discard-value-names -main-file-name CMakeCXXCompilerABI.cpp -mrelocation-model static -mframe-pointer=none -fno-rounding-math -mconstructor-aliases -target-cpu generic -fvisibility hidden -debugger-tuning=gdb -v -resource-dir /home/leisterfrancisco/work/wasi-sdk-12.0/lib/clang/11.0.0 -dependency-file CMakeFiles/cmTC_93cc5.dir/CMakeCXXCompilerABI.cpp.obj.d -MT CMakeFiles/cmTC_93cc5.dir/CMakeCXXCompilerABI.cpp.obj -sys-header-deps -isysroot /home/leisterfrancisco/work/wasi-sdk-12.0/share/wasi-sysroot -internal-isystem /home/leisterfrancisco/work/wasi-sdk-12.0/share/wasi-sysroot/include/wasm32-wasi/c++/v1 -internal-isystem /home/leisterfrancisco/work/wasi-sdk-12.0/share/wasi-sysroot/include/c++/v1 -internal-isystem /home/leisterfrancisco/work/wasi-sdk-12.0/lib/clang/11.0.0/include -internal-isystem /home/leisterfrancisco/work/wasi-sdk-12.0/share/wasi-sysroot/include/wasm32-wasi -internal-isystem /home/leisterfrancisco/work/wasi-sdk-12.0/share/wasi-sysroot/include -fdeprecated-macro -fdebug-compilation-dir /home/leisterfrancisco/Github/eoscostarica/eosio-dashboard/contracts/faucet/build/CMakeFiles/CMakeTmp -ferror-limit 19 -fgnuc-version=4.2.1 -fcxx-exceptions -fexceptions -o CMakeFiles/cmTC_93cc5.dir/CMakeCXXCompilerABI.cpp.obj -x c++ /usr/local/share/cmake-3.20/Modules/CMakeCXXCompilerABI.cpp
clang -cc1 version 11.0.0 based upon LLVM 11.0.0 default target wasm32-wasi
ignoring nonexistent directory "/home/leisterfrancisco/work/wasi-sdk-12.0/share/wasi-sysroot/include/wasm32-wasi/c++/v1"
ignoring nonexistent directory "/home/leisterfrancisco/work/wasi-sdk-12.0/share/wasi-sysroot/include/wasm32-wasi"
#include "..." search starts here:
#include <...> search starts here:
 /home/leisterfrancisco/work/wasi-sdk-12.0/share/wasi-sysroot/include/c++/v1
 /home/leisterfrancisco/work/wasi-sdk-12.0/lib/clang/11.0.0/include
 /home/leisterfrancisco/work/wasi-sdk-12.0/share/wasi-sysroot/include
End of search list.
Linking CXX executable cmTC_93cc5.wasm
/usr/local/bin/cmake -E cmake_link_script CMakeFiles/cmTC_93cc5.dir/link.txt --verbose=1
/home/leisterfrancisco/work/wasi-sdk-12.0/bin/clang++ --target=wasm32-wasi --sysroot=/home/leisterfrancisco/work/wasi-sdk-12.0/share/wasi-sysroot  -v CMakeFiles/cmTC_93cc5.dir/CMakeCXXCompilerABI.cpp.obj -o cmTC_93cc5.wasm 
clang version 11.0.0 (https://github.com/llvm/llvm-project 176249bd6732a8044d457092ed932768724a6f06)
Target: wasm32-unknown-wasi
Thread model: posix
InstalledDir: /home/leisterfrancisco/work/wasi-sdk-12.0/bin
 "/home/leisterfrancisco/work/wasi-sdk-12.0/bin/wasm-ld" -m wasm32 -L/home/leisterfrancisco/work/wasi-sdk-12.0/share/wasi-sysroot/lib/wasm32-wasi /home/leisterfrancisco/work/wasi-sdk-12.0/share/wasi-sysroot/lib/wasm32-wasi/crt1.o CMakeFiles/cmTC_93cc5.dir/CMakeCXXCompilerABI.cpp.obj -lc++ -lc++abi -lc /home/leisterfrancisco/work/wasi-sdk-12.0/lib/clang/11.0.0/lib/wasi/libclang_rt.builtins-wasm32.a -o cmTC_93cc5.wasm
make[2]: Leaving directory '/home/leisterfrancisco/Github/eoscostarica/eosio-dashboard/contracts/faucet/build/CMakeFiles/CMakeTmp'
make[1]: Leaving directory '/home/leisterfrancisco/Github/eoscostarica/eosio-dashboard/contracts/faucet/build/CMakeFiles/CMakeTmp'


Cannot copy output executable
  ''
to destination specified by COPY_FILE:
  '/home/leisterfrancisco/Github/eoscostarica/eosio-dashboard/contracts/faucet/build/CMakeFiles/3.20.0/CMakeDetermineCompilerABI_CXX.bin'
Unable to find the executable at any of:
  /home/leisterfrancisco/Github/eoscostarica/eosio-dashboard/contracts/faucet/build/CMakeFiles/CMakeTmp/cmTC_93cc5
  /home/leisterfrancisco/Github/eoscostarica/eosio-dashboard/contracts/faucet/build/CMakeFiles/CMakeTmp/Debug/cmTC_93cc5
  /home/leisterfrancisco/Github/eoscostarica/eosio-dashboard/contracts/faucet/build/CMakeFiles/CMakeTmp/Development/cmTC_93cc5


