The target system is: WASI - 1 - wasm32
The host system is: Linux - 5.10.16.3-microsoft-standard-WSL2 - x86_64
Compiling the C compiler identification source file "CMakeCCompilerId.c" succeeded.
Compiler: /home/leisterfrancisco/work/wasi-sdk-12.0/bin/clang 
Build flags: 
Id flags: -c;--target=wasm32-wasi 

The output was:
0


Compilation of the C compiler identification source "CMakeCCompilerId.c" produced "CMakeCCompilerId.o"

The C compiler identification is Clang, found in "/home/leisterfrancisco/Github/eoscostarica/eosio-dashboard/contracts/faucet/build/CMakeFiles/3.20.0/CompilerIdC/CMakeCCompilerId.o"

Compiling the CXX compiler identification source file "CMakeCXXCompilerId.cpp" succeeded.
Compiler: /home/leisterfrancisco/work/wasi-sdk-12.0/bin/clang++ 
Build flags: 
Id flags: -c;--target=wasm32-wasi 

The output was:
0


Compilation of the CXX compiler identification source "CMakeCXXCompilerId.cpp" produced "CMakeCXXCompilerId.o"

The CXX compiler identification is Clang, found in "/home/leisterfrancisco/Github/eoscostarica/eosio-dashboard/contracts/faucet/build/CMakeFiles/3.20.0/CompilerIdCXX/CMakeCXXCompilerId.o"

Determining if the C compiler works passed with the following output:
Change Dir: /home/leisterfrancisco/Github/eoscostarica/eosio-dashboard/contracts/faucet/build/CMakeFiles/CMakeTmp

Run Build Command(s):/usr/bin/make -f Makefile cmTC_24bc6/fast && make[1]: Entering directory '/home/leisterfrancisco/Github/eoscostarica/eosio-dashboard/contracts/faucet/build/CMakeFiles/CMakeTmp'
/usr/bin/make  -f CMakeFiles/cmTC_24bc6.dir/build.make CMakeFiles/cmTC_24bc6.dir/build
make[2]: Entering directory '/home/leisterfrancisco/Github/eoscostarica/eosio-dashboard/contracts/faucet/build/CMakeFiles/CMakeTmp'
Building C object CMakeFiles/cmTC_24bc6.dir/testCCompiler.c.obj
/home/leisterfrancisco/work/wasi-sdk-12.0/bin/clang --target=wasm32-wasi --sysroot=/home/leisterfrancisco/work/wasi-sdk-12.0/share/wasi-sysroot    -MD -MT CMakeFiles/cmTC_24bc6.dir/testCCompiler.c.obj -MF CMakeFiles/cmTC_24bc6.dir/testCCompiler.c.obj.d -o CMakeFiles/cmTC_24bc6.dir/testCCompiler.c.obj -c /home/leisterfrancisco/Github/eoscostarica/eosio-dashboard/contracts/faucet/build/CMakeFiles/CMakeTmp/testCCompiler.c
Linking C executable cmTC_24bc6.wasm
/usr/local/bin/cmake -E cmake_link_script CMakeFiles/cmTC_24bc6.dir/link.txt --verbose=1
/home/leisterfrancisco/work/wasi-sdk-12.0/bin/clang --target=wasm32-wasi --sysroot=/home/leisterfrancisco/work/wasi-sdk-12.0/share/wasi-sysroot CMakeFiles/cmTC_24bc6.dir/testCCompiler.c.obj -o cmTC_24bc6.wasm 
make[2]: Leaving directory '/home/leisterfrancisco/Github/eoscostarica/eosio-dashboard/contracts/faucet/build/CMakeFiles/CMakeTmp'
make[1]: Leaving directory '/home/leisterfrancisco/Github/eoscostarica/eosio-dashboard/contracts/faucet/build/CMakeFiles/CMakeTmp'



Determining if the CXX compiler works passed with the following output:
Change Dir: /home/leisterfrancisco/Github/eoscostarica/eosio-dashboard/contracts/faucet/build/CMakeFiles/CMakeTmp

Run Build Command(s):/usr/bin/make -f Makefile cmTC_069bd/fast && make[1]: Entering directory '/home/leisterfrancisco/Github/eoscostarica/eosio-dashboard/contracts/faucet/build/CMakeFiles/CMakeTmp'
/usr/bin/make  -f CMakeFiles/cmTC_069bd.dir/build.make CMakeFiles/cmTC_069bd.dir/build
make[2]: Entering directory '/home/leisterfrancisco/Github/eoscostarica/eosio-dashboard/contracts/faucet/build/CMakeFiles/CMakeTmp'
Building CXX object CMakeFiles/cmTC_069bd.dir/testCXXCompiler.cxx.obj
/home/leisterfrancisco/work/wasi-sdk-12.0/bin/clang++ --target=wasm32-wasi --sysroot=/home/leisterfrancisco/work/wasi-sdk-12.0/share/wasi-sysroot    -MD -MT CMakeFiles/cmTC_069bd.dir/testCXXCompiler.cxx.obj -MF CMakeFiles/cmTC_069bd.dir/testCXXCompiler.cxx.obj.d -o CMakeFiles/cmTC_069bd.dir/testCXXCompiler.cxx.obj -c /home/leisterfrancisco/Github/eoscostarica/eosio-dashboard/contracts/faucet/build/CMakeFiles/CMakeTmp/testCXXCompiler.cxx
Linking CXX executable cmTC_069bd.wasm
/usr/local/bin/cmake -E cmake_link_script CMakeFiles/cmTC_069bd.dir/link.txt --verbose=1
/home/leisterfrancisco/work/wasi-sdk-12.0/bin/clang++ --target=wasm32-wasi --sysroot=/home/leisterfrancisco/work/wasi-sdk-12.0/share/wasi-sysroot CMakeFiles/cmTC_069bd.dir/testCXXCompiler.cxx.obj -o cmTC_069bd.wasm 
make[2]: Leaving directory '/home/leisterfrancisco/Github/eoscostarica/eosio-dashboard/contracts/faucet/build/CMakeFiles/CMakeTmp'
make[1]: Leaving directory '/home/leisterfrancisco/Github/eoscostarica/eosio-dashboard/contracts/faucet/build/CMakeFiles/CMakeTmp'



